[debug] [2023-04-13T16:17:50.865Z] ----------------------------------------------------------------------
[debug] [2023-04-13T16:17:50.870Z] Command:       C:\Program Files\nodejs\node.exe C:\Program Files\nodejs\node_modules\firebase-tools\lib\bin\firebase.js init
[debug] [2023-04-13T16:17:50.871Z] CLI Version:   11.26.0
[debug] [2023-04-13T16:17:50.871Z] Platform:      win32
[debug] [2023-04-13T16:17:50.871Z] Node Version:  v16.14.2
[debug] [2023-04-13T16:17:50.873Z] Time:          Thu Apr 13 2023 12:17:50 GMT-0400 (heure avancée de l’Est)
[debug] [2023-04-13T16:17:50.874Z] ----------------------------------------------------------------------
[debug] 
[debug] [2023-04-13T16:17:51.112Z] > command requires scopes: ["email","openid","https://www.googleapis.com/auth/cloudplatformprojects.readonly","https://www.googleapis.com/auth/firebase","https://www.googleapis.com/auth/cloud-platform"]
[debug] [2023-04-13T16:17:51.114Z] > authorizing via signed-in user (april.outofbox@gmail.com)
[info] 
     ######## #### ########  ######## ########     ###     ######  ########
     ##        ##  ##     ## ##       ##     ##  ##   ##  ##       ##
     ######    ##  ########  ######   ########  #########  ######  ######
     ##        ##  ##    ##  ##       ##     ## ##     ##       ## ##
     ##       #### ##     ## ######## ########  ##     ##  ######  ########

You're about to initialize a Firebase project in this directory:

  C:\Users\MariamHammoud\Desktop\aprilV2

Before we get started, keep in mind:

  * You are currently outside your home directory
  * You are initializing within an existing Firebase project directory

[info] 
=== Project Setup
[info] 
[info] First, let's associate this project directory with a Firebase project.
[info] You can create multiple project aliases by running firebase use --add, 
[info] but for now we'll just set up a default project.
[info] 
[debug] [2023-04-13T16:18:11.772Z] Using project from CLI flag: april-canada-c5f17
[debug] [2023-04-13T16:18:11.777Z] >>> [apiv2][query] GET https://firebase.googleapis.com/v1beta1/projects/april-canada-c5f17 [none]
[debug] [2023-04-13T16:18:12.137Z] <<< [apiv2][status] GET https://firebase.googleapis.com/v1beta1/projects/april-canada-c5f17 200
[debug] [2023-04-13T16:18:12.138Z] <<< [apiv2][body] GET https://firebase.googleapis.com/v1beta1/projects/april-canada-c5f17 {"projectId":"april-canada-c5f17","projectNumber":"898159706086","displayName":"APRIL Canada","name":"projects/april-canada-c5f17","resources":{"hostingSite":"april-canada-c5f17","storageBucket":"april-canada-c5f17.appspot.com","locationId":"northamerica-northeast1"},"state":"ACTIVE","etag":"1_f3a2e51f-bf4c-4cde-9256-3ba49ce01634"}
[info] i  Using project april-canada-c5f17 (APRIL Canada) 
[info] 
=== Firestore Setup
[debug] [2023-04-13T16:18:12.148Z] >>> [apiv2][query] GET https://serviceusage.googleapis.com/v1/projects/april-canada-c5f17/services/firestore.googleapis.com [none]
[debug] [2023-04-13T16:18:12.149Z] >>> [apiv2][(partial)header] GET https://serviceusage.googleapis.com/v1/projects/april-canada-c5f17/services/firestore.googleapis.com x-goog-quota-user=projects/april-canada-c5f17
[debug] [2023-04-13T16:18:12.680Z] <<< [apiv2][status] GET https://serviceusage.googleapis.com/v1/projects/april-canada-c5f17/services/firestore.googleapis.com 200
[debug] [2023-04-13T16:18:12.681Z] <<< [apiv2][body] GET https://serviceusage.googleapis.com/v1/projects/april-canada-c5f17/services/firestore.googleapis.com [omitted]
[debug] [2023-04-13T16:18:12.682Z] >>> [apiv2][query] GET https://firestore.googleapis.com/v1/projects/april-canada-c5f17/databases/(default) [none]
[debug] [2023-04-13T16:18:12.851Z] <<< [apiv2][status] GET https://firestore.googleapis.com/v1/projects/april-canada-c5f17/databases/(default) 200
[debug] [2023-04-13T16:18:12.851Z] <<< [apiv2][body] GET https://firestore.googleapis.com/v1/projects/april-canada-c5f17/databases/(default) {"name":"projects/april-canada-c5f17/databases/(default)","uid":"15e71888-b3f9-4d79-8e18-468f63f20468","createTime":"2021-07-15T17:19:18.987Z","updateTime":"2022-01-07T19:20:21.168105Z","locationId":"northamerica-northeast1","type":"FIRESTORE_NATIVE","concurrencyMode":"PESSIMISTIC","appEngineIntegrationMode":"ENABLED","keyPrefix":"k","deleteProtectionState":"DELETE_PROTECTION_DISABLED","etag":"IOKKrpGhp/4CMOqgz8qejv4C"}
[debug] [2023-04-13T16:18:12.851Z] database_type: FIRESTORE_NATIVE
[debug] [2023-04-13T16:18:12.852Z] > command requires scopes: ["email","openid","https://www.googleapis.com/auth/cloudplatformprojects.readonly","https://www.googleapis.com/auth/firebase","https://www.googleapis.com/auth/cloud-platform"]
[debug] [2023-04-13T16:18:12.852Z] > authorizing via signed-in user (april.outofbox@gmail.com)
[debug] [2023-04-13T16:18:12.852Z] [iam] checking project april-canada-c5f17 for permissions ["firebase.projects.get"]
[debug] [2023-04-13T16:18:12.853Z] >>> [apiv2][query] POST https://cloudresourcemanager.googleapis.com/v1/projects/april-canada-c5f17:testIamPermissions [none]
[debug] [2023-04-13T16:18:12.853Z] >>> [apiv2][(partial)header] POST https://cloudresourcemanager.googleapis.com/v1/projects/april-canada-c5f17:testIamPermissions x-goog-quota-user=projects/april-canada-c5f17
[debug] [2023-04-13T16:18:12.853Z] >>> [apiv2][body] POST https://cloudresourcemanager.googleapis.com/v1/projects/april-canada-c5f17:testIamPermissions {"permissions":["firebase.projects.get"]}
[debug] [2023-04-13T16:18:13.177Z] <<< [apiv2][status] POST https://cloudresourcemanager.googleapis.com/v1/projects/april-canada-c5f17:testIamPermissions 200
[debug] [2023-04-13T16:18:13.177Z] <<< [apiv2][body] POST https://cloudresourcemanager.googleapis.com/v1/projects/april-canada-c5f17:testIamPermissions {"permissions":["firebase.projects.get"]}
[info] 
[info] Firestore Security Rules allow you to define how and when to allow
[info] requests. You can keep these rules in your project directory
[info] and publish them with firebase deploy.
[info] 
[info] 
[info] Firestore indexes allow you to perform complex queries while
[info] maintaining performance that scales with the size of the result
[info] set. You can keep index definitions in your project directory
[info] and publish them with firebase deploy.
[info] 
[info] 
=== Functions Setup
[debug] [2023-04-13T16:18:41.091Z] > command requires scopes: ["email","openid","https://www.googleapis.com/auth/cloudplatformprojects.readonly","https://www.googleapis.com/auth/firebase","https://www.googleapis.com/auth/cloud-platform"]
[debug] [2023-04-13T16:18:41.091Z] > authorizing via signed-in user (april.outofbox@gmail.com)
[debug] [2023-04-13T16:18:41.092Z] [iam] checking project april-canada-c5f17 for permissions ["firebase.projects.get"]
[debug] [2023-04-13T16:18:41.093Z] >>> [apiv2][query] POST https://cloudresourcemanager.googleapis.com/v1/projects/april-canada-c5f17:testIamPermissions [none]
[debug] [2023-04-13T16:18:41.093Z] >>> [apiv2][(partial)header] POST https://cloudresourcemanager.googleapis.com/v1/projects/april-canada-c5f17:testIamPermissions x-goog-quota-user=projects/april-canada-c5f17
[debug] [2023-04-13T16:18:41.094Z] >>> [apiv2][body] POST https://cloudresourcemanager.googleapis.com/v1/projects/april-canada-c5f17:testIamPermissions {"permissions":["firebase.projects.get"]}
[debug] [2023-04-13T16:18:43.436Z] <<< [apiv2][status] POST https://cloudresourcemanager.googleapis.com/v1/projects/april-canada-c5f17:testIamPermissions 200
[debug] [2023-04-13T16:18:43.437Z] <<< [apiv2][body] POST https://cloudresourcemanager.googleapis.com/v1/projects/april-canada-c5f17:testIamPermissions {"permissions":["firebase.projects.get"]}
[debug] [2023-04-13T16:18:43.437Z] >>> [apiv2][query] GET https://serviceusage.googleapis.com/v1/projects/april-canada-c5f17/services/cloudfunctions.googleapis.com [none]
[debug] [2023-04-13T16:18:43.437Z] >>> [apiv2][(partial)header] GET https://serviceusage.googleapis.com/v1/projects/april-canada-c5f17/services/cloudfunctions.googleapis.com x-goog-quota-user=projects/april-canada-c5f17
[debug] [2023-04-13T16:18:43.439Z] >>> [apiv2][query] GET https://serviceusage.googleapis.com/v1/projects/april-canada-c5f17/services/runtimeconfig.googleapis.com [none]
[debug] [2023-04-13T16:18:43.439Z] >>> [apiv2][(partial)header] GET https://serviceusage.googleapis.com/v1/projects/april-canada-c5f17/services/runtimeconfig.googleapis.com x-goog-quota-user=projects/april-canada-c5f17
[debug] [2023-04-13T16:18:47.959Z] <<< [apiv2][status] GET https://serviceusage.googleapis.com/v1/projects/april-canada-c5f17/services/runtimeconfig.googleapis.com 200
[debug] [2023-04-13T16:18:47.959Z] <<< [apiv2][body] GET https://serviceusage.googleapis.com/v1/projects/april-canada-c5f17/services/runtimeconfig.googleapis.com [omitted]
[debug] [2023-04-13T16:18:48.650Z] <<< [apiv2][status] GET https://serviceusage.googleapis.com/v1/projects/april-canada-c5f17/services/cloudfunctions.googleapis.com 200
[debug] [2023-04-13T16:18:48.651Z] <<< [apiv2][body] GET https://serviceusage.googleapis.com/v1/projects/april-canada-c5f17/services/cloudfunctions.googleapis.com [omitted]
[info] 
Detected existing codebase(s): default

[info] Let's create a new codebase for your functions.
[info] A directory corresponding to the codebase will be created in your project
[info] with sample code pre-configured.

[info] See https://firebase.google.com/docs/functions/organize-functions for
[info] more information on organizing your functions using codebases.

[info] Functions can be deployed with firebase deploy.

[info] +  Wrote default2/package.json 
[info] +  Wrote default2/.eslintrc.js 
[info] +  Wrote default2/tsconfig.json 
[info] +  Wrote default2/tsconfig.dev.json 
[info] +  Wrote default2/src/index.ts 
[info] +  Wrote default2/.gitignore 
